<?xml version="1.0" encoding="UTF-8"?>
<!-- Generated by org.testng.reporters.JUnitXMLReporter -->
<testsuite ignored="0" hostname="SURAJKUMAR" failures="1" tests="3" name="Test" time="28.726" errors="0" timestamp="2022-03-28T21:21:08 IST">
  <testcase classname="report.TestRun" name="test1" time="6.91"/>
  <testcase classname="report.TestRun" name="test2" time="0.008">
    <failure type="java.lang.AssertionError" message="null">
      <![CDATA[java.lang.AssertionError: null
at report.TestRun.test2(TestRun.java:26)
at java.base/java.util.ArrayList.forEach(ArrayList.java:1511)
... Removed 29 stack frames]]>
    </failure>
  </testcase> <!-- test2 -->
  <testcase classname="report.TestRun" name="test3" time="0.004">
    <skipped/>
  </testcase> <!-- test3 -->
</testsuite> <!-- Test -->
